CRITICAL - 2024-01-05 18:56:15 --> Error: Undefined constant "CodeIgniter\Database\MySQLi\MYSQLI_STORE_RESULT"
in SYSTEMPATH\Database\Database.php on line 137.
 1 SYSTEMPATH\Database\Database.php(55): CodeIgniter\Database\Database->initDriver('MySQLi', 'Connection', [...])
 2 SYSTEMPATH\Database\Config.php(82): CodeIgniter\Database\Database->load([...], 'default')
 3 SYSTEMPATH\Common.php(365): CodeIgniter\Database\Config::connect('default', true)
 4 SYSTEMPATH\Database\MigrationRunner.php(144): db_connect(null)
 5 SYSTEMPATH\Config\Services.php(417): CodeIgniter\Database\MigrationRunner->__construct(Object(Config\Migrations), null)
 6 SYSTEMPATH\Config\BaseService.php(258): CodeIgniter\Config\Services::migrations(Object(Config\Migrations), null, false)
 7 SYSTEMPATH\Config\BaseService.php(199): CodeIgniter\Config\BaseService::__callStatic('migrations', [...])
 8 SYSTEMPATH\Config\Services.php(412): CodeIgniter\Config\BaseService::getSharedInstance('migrations', null, null)
 9 SYSTEMPATH\Config\BaseService.php(258): CodeIgniter\Config\Services::migrations()
10 SYSTEMPATH\Commands\Database\Migrate.php(69): CodeIgniter\Config\BaseService::__callStatic('migrations', [])
11 VENDORPATH\codeigniter4\shield\src\Commands\Setup.php(420): CodeIgniter\Commands\Database\Migrate->run([...])
12 VENDORPATH\codeigniter4\shield\src\Commands\Setup.php(97): CodeIgniter\Shield\Commands\Setup->runMigrations()
13 VENDORPATH\codeigniter4\shield\src\Commands\Setup.php(82): CodeIgniter\Shield\Commands\Setup->publishConfig()
14 SYSTEMPATH\CLI\Commands.php(65): CodeIgniter\Shield\Commands\Setup->run([])
15 SYSTEMPATH\CLI\Console.php(46): CodeIgniter\CLI\Commands->run('shield:setup', [])
16 ROOTPATH\spark(102): CodeIgniter\CLI\Console->run()
CRITICAL - 2024-01-05 18:57:01 --> Error: Undefined constant "CodeIgniter\Database\MySQLi\MYSQLI_STORE_RESULT"
in SYSTEMPATH\Database\Database.php on line 137.
 1 SYSTEMPATH\Database\Database.php(55): CodeIgniter\Database\Database->initDriver('MySQLi', 'Connection', [...])
 2 SYSTEMPATH\Database\Config.php(82): CodeIgniter\Database\Database->load([...], 'default')
 3 SYSTEMPATH\Common.php(365): CodeIgniter\Database\Config::connect('default', true)
 4 SYSTEMPATH\Database\MigrationRunner.php(144): db_connect(null)
 5 SYSTEMPATH\Config\Services.php(417): CodeIgniter\Database\MigrationRunner->__construct(Object(Config\Migrations), null)
 6 SYSTEMPATH\Config\BaseService.php(258): CodeIgniter\Config\Services::migrations(Object(Config\Migrations), null, false)
 7 SYSTEMPATH\Config\BaseService.php(199): CodeIgniter\Config\BaseService::__callStatic('migrations', [...])
 8 SYSTEMPATH\Config\Services.php(412): CodeIgniter\Config\BaseService::getSharedInstance('migrations', null, null)
 9 SYSTEMPATH\Config\BaseService.php(258): CodeIgniter\Config\Services::migrations()
10 SYSTEMPATH\Commands\Database\Migrate.php(69): CodeIgniter\Config\BaseService::__callStatic('migrations', [])
11 VENDORPATH\codeigniter4\shield\src\Commands\Setup.php(420): CodeIgniter\Commands\Database\Migrate->run([...])
12 VENDORPATH\codeigniter4\shield\src\Commands\Setup.php(97): CodeIgniter\Shield\Commands\Setup->runMigrations()
13 VENDORPATH\codeigniter4\shield\src\Commands\Setup.php(82): CodeIgniter\Shield\Commands\Setup->publishConfig()
14 SYSTEMPATH\CLI\Commands.php(65): CodeIgniter\Shield\Commands\Setup->run([])
15 SYSTEMPATH\CLI\Console.php(46): CodeIgniter\CLI\Commands->run('shield:setup', [])
16 ROOTPATH\spark(102): CodeIgniter\CLI\Console->run()
CRITICAL - 2024-01-05 19:00:28 --> Error: Undefined constant "CodeIgniter\Database\MySQLi\MYSQLI_STORE_RESULT"
in SYSTEMPATH\Database\Database.php on line 137.
 1 SYSTEMPATH\Database\Database.php(55): CodeIgniter\Database\Database->initDriver('MySQLi', 'Connection', [...])
 2 SYSTEMPATH\Database\Config.php(82): CodeIgniter\Database\Database->load([...], 'default')
 3 SYSTEMPATH\Common.php(365): CodeIgniter\Database\Config::connect('default', true)
 4 SYSTEMPATH\Database\MigrationRunner.php(144): db_connect(null)
 5 SYSTEMPATH\Config\Services.php(417): CodeIgniter\Database\MigrationRunner->__construct(Object(Config\Migrations), null)
 6 SYSTEMPATH\Config\BaseService.php(258): CodeIgniter\Config\Services::migrations(Object(Config\Migrations), null, false)
 7 SYSTEMPATH\Config\BaseService.php(199): CodeIgniter\Config\BaseService::__callStatic('migrations', [...])
 8 SYSTEMPATH\Config\Services.php(412): CodeIgniter\Config\BaseService::getSharedInstance('migrations', null, null)
 9 SYSTEMPATH\Config\BaseService.php(258): CodeIgniter\Config\Services::migrations()
10 SYSTEMPATH\Commands\Database\Migrate.php(69): CodeIgniter\Config\BaseService::__callStatic('migrations', [])
11 VENDORPATH\codeigniter4\shield\src\Commands\Setup.php(420): CodeIgniter\Commands\Database\Migrate->run([...])
12 VENDORPATH\codeigniter4\shield\src\Commands\Setup.php(97): CodeIgniter\Shield\Commands\Setup->runMigrations()
13 VENDORPATH\codeigniter4\shield\src\Commands\Setup.php(82): CodeIgniter\Shield\Commands\Setup->publishConfig()
14 SYSTEMPATH\CLI\Commands.php(65): CodeIgniter\Shield\Commands\Setup->run([])
15 SYSTEMPATH\CLI\Console.php(46): CodeIgniter\CLI\Commands->run('shield:setup', [])
16 ROOTPATH\spark(102): CodeIgniter\CLI\Console->run()
ERROR - 2024-01-05 19:10:09 --> Error connecting to the database: Error: Class "SQLite3" not found in C:\Users\jeremy.brown\source\repos\ITD-DDB-SHIELD\vendor\codeigniter4\framework\system\Database\SQLite3\Connection.php:89
Stack trace:
#0 C:\Users\jeremy.brown\source\repos\ITD-DDB-SHIELD\vendor\codeigniter4\framework\system\Database\BaseConnection.php(392): CodeIgniter\Database\SQLite3\Connection->connect(false)
#1 C:\Users\jeremy.brown\source\repos\ITD-DDB-SHIELD\vendor\codeigniter4\framework\system\Database\SQLite3\Connection.php(59): CodeIgniter\Database\BaseConnection->initialize()
#2 C:\Users\jeremy.brown\source\repos\ITD-DDB-SHIELD\vendor\codeigniter4\framework\system\Test\DatabaseTestTrait.php(74): CodeIgniter\Database\SQLite3\Connection->initialize()
#3 C:\Users\jeremy.brown\source\repos\ITD-DDB-SHIELD\vendor\codeigniter4\framework\system\Test\DatabaseTestTrait.php(54): ExampleDatabaseTest->loadDependencies()
#4 C:\Users\jeremy.brown\source\repos\ITD-DDB-SHIELD\vendor\codeigniter4\framework\system\Test\CIUnitTestCase.php(249): ExampleDatabaseTest->setUpDatabase()
#5 C:\Users\jeremy.brown\source\repos\ITD-DDB-SHIELD\vendor\phpunit\phpunit\src\Framework\TestCase.php(1211): CodeIgniter\Test\CIUnitTestCase->setUp()
#6 C:\Users\jeremy.brown\source\repos\ITD-DDB-SHIELD\vendor\phpunit\phpunit\src\Framework\TestResult.php(728): PHPUnit\Framework\TestCase->runBare()
#7 C:\Users\jeremy.brown\source\repos\ITD-DDB-SHIELD\vendor\phpunit\phpunit\src\Framework\TestCase.php(968): PHPUnit\Framework\TestResult->run(Object(ExampleDatabaseTest))
#8 C:\Users\jeremy.brown\source\repos\ITD-DDB-SHIELD\vendor\phpunit\phpunit\src\Framework\TestSuite.php(684): PHPUnit\Framework\TestCase->run(Object(PHPUnit\Framework\TestResult))
#9 C:\Users\jeremy.brown\source\repos\ITD-DDB-SHIELD\vendor\phpunit\phpunit\src\Framework\TestSuite.php(684): PHPUnit\Framework\TestSuite->run(Object(PHPUnit\Framework\TestResult))
#10 C:\Users\jeremy.brown\source\repos\ITD-DDB-SHIELD\vendor\phpunit\phpunit\src\Framework\TestSuite.php(684): PHPUnit\Framework\TestSuite->run(Object(PHPUnit\Framework\TestResult))
#11 C:\Users\jeremy.brown\source\repos\ITD-DDB-SHIELD\vendor\phpunit\phpunit\src\TextUI\TestRunner.php(651): PHPUnit\Framework\TestSuite->run(Object(PHPUnit\Framework\TestResult))
#12 C:\Users\jeremy.brown\source\repos\ITD-DDB-SHIELD\vendor\phpunit\phpunit\src\TextUI\Command.php(144): PHPUnit\TextUI\TestRunner->run(Object(PHPUnit\Framework\TestSuite), Array, Array, true)
#13 C:\Users\jeremy.brown\source\repos\ITD-DDB-SHIELD\vendor\phpunit\phpunit\src\TextUI\Command.php(97): PHPUnit\TextUI\Command->run(Array, true)
#14 C:\Users\jeremy.brown\source\repos\ITD-DDB-SHIELD\vendor\phpunit\phpunit\phpunit(107): PHPUnit\TextUI\Command::main()
#15 C:\Users\jeremy.brown\source\repos\ITD-DDB-SHIELD\vendor\bin\phpunit(122): include('C:\\Users\\jeremy...')
#16 {main}
ERROR - 2024-01-05 19:10:09 --> Error connecting to the database: Error: Class "SQLite3" not found in C:\Users\jeremy.brown\source\repos\ITD-DDB-SHIELD\vendor\codeigniter4\framework\system\Database\SQLite3\Connection.php:89
Stack trace:
#0 C:\Users\jeremy.brown\source\repos\ITD-DDB-SHIELD\vendor\codeigniter4\framework\system\Database\BaseConnection.php(392): CodeIgniter\Database\SQLite3\Connection->connect(false)
#1 C:\Users\jeremy.brown\source\repos\ITD-DDB-SHIELD\vendor\codeigniter4\framework\system\Database\SQLite3\Connection.php(59): CodeIgniter\Database\BaseConnection->initialize()
#2 C:\Users\jeremy.brown\source\repos\ITD-DDB-SHIELD\vendor\codeigniter4\framework\system\Test\DatabaseTestTrait.php(74): CodeIgniter\Database\SQLite3\Connection->initialize()
#3 C:\Users\jeremy.brown\source\repos\ITD-DDB-SHIELD\vendor\codeigniter4\framework\system\Test\DatabaseTestTrait.php(54): ExampleDatabaseTest->loadDependencies()
#4 C:\Users\jeremy.brown\source\repos\ITD-DDB-SHIELD\vendor\codeigniter4\framework\system\Test\CIUnitTestCase.php(249): ExampleDatabaseTest->setUpDatabase()
#5 C:\Users\jeremy.brown\source\repos\ITD-DDB-SHIELD\vendor\phpunit\phpunit\src\Framework\TestCase.php(1211): CodeIgniter\Test\CIUnitTestCase->setUp()
#6 C:\Users\jeremy.brown\source\repos\ITD-DDB-SHIELD\vendor\phpunit\phpunit\src\Framework\TestResult.php(728): PHPUnit\Framework\TestCase->runBare()
#7 C:\Users\jeremy.brown\source\repos\ITD-DDB-SHIELD\vendor\phpunit\phpunit\src\Framework\TestCase.php(968): PHPUnit\Framework\TestResult->run(Object(ExampleDatabaseTest))
#8 C:\Users\jeremy.brown\source\repos\ITD-DDB-SHIELD\vendor\phpunit\phpunit\src\Framework\TestSuite.php(684): PHPUnit\Framework\TestCase->run(Object(PHPUnit\Framework\TestResult))
#9 C:\Users\jeremy.brown\source\repos\ITD-DDB-SHIELD\vendor\phpunit\phpunit\src\Framework\TestSuite.php(684): PHPUnit\Framework\TestSuite->run(Object(PHPUnit\Framework\TestResult))
#10 C:\Users\jeremy.brown\source\repos\ITD-DDB-SHIELD\vendor\phpunit\phpunit\src\Framework\TestSuite.php(684): PHPUnit\Framework\TestSuite->run(Object(PHPUnit\Framework\TestResult))
#11 C:\Users\jeremy.brown\source\repos\ITD-DDB-SHIELD\vendor\phpunit\phpunit\src\TextUI\TestRunner.php(651): PHPUnit\Framework\TestSuite->run(Object(PHPUnit\Framework\TestResult))
#12 C:\Users\jeremy.brown\source\repos\ITD-DDB-SHIELD\vendor\phpunit\phpunit\src\TextUI\Command.php(144): PHPUnit\TextUI\TestRunner->run(Object(PHPUnit\Framework\TestSuite), Array, Array, true)
#13 C:\Users\jeremy.brown\source\repos\ITD-DDB-SHIELD\vendor\phpunit\phpunit\src\TextUI\Command.php(97): PHPUnit\TextUI\Command->run(Array, true)
#14 C:\Users\jeremy.brown\source\repos\ITD-DDB-SHIELD\vendor\phpunit\phpunit\phpunit(107): PHPUnit\TextUI\Command::main()
#15 C:\Users\jeremy.brown\source\repos\ITD-DDB-SHIELD\vendor\bin\phpunit(122): include('C:\\Users\\jeremy...')
#16 {main}
